<?xml version="1.0" encoding="UTF-8"?>
<!-- Generated by org.testng.reporters.JUnitReportReporter -->
<testsuite skipped="0" hostname="INFOVITY-LT-214" name="driverscript.DClass" tests="4" failures="0" timestamp="08 Nov 2019 10:48:02 GMT" time="1362.357" errors="0">
  <testcase name="Safari" time="0.029" classname="driverscript.DClass"/>
  <testcase name="IE" time="0.029" classname="driverscript.DClass"/>
  <testcase name="Firefox" time="0.029" classname="driverscript.DClass"/>
  <testcase name="Chrome" time="1362.270" classname="driverscript.DClass"/>
</testsuite> <!-- driverscript.DClass -->
